<?xml version="1.0" encoding="UTF-8"?>
<!-- Generated by org.testng.reporters.JUnitReportReporter -->
<testsuite hostname="wifirepeater-9f92.home" failures="0" tests="1" name="com.exerciseproject.homepagetest.ViewCategoryProductsTest" time="41.219" errors="0" timestamp="2023-12-10T03:59:34 EET" skipped="0">
  <testcase classname="com.exerciseproject.homepagetest.ViewCategoryProductsTest" name="viewCategoryTest" time="41.219"/>
</testsuite> <!-- com.exerciseproject.homepagetest.ViewCategoryProductsTest -->
