<?xml version="1.0" encoding="UTF-8"?>
<!-- Generated by org.testng.reporters.JUnitReportReporter -->
<testsuite hostname="pc-5.home" failures="0" tests="1" name="com.exerciseproject.placordertest.LoginBeforeCheckoutTest" time="47.187" errors="0" timestamp="2023-12-06T20:55:20 EET" skipped="0">
  <testcase classname="com.exerciseproject.placordertest.LoginBeforeCheckoutTest" name="loginBeforeChecout" time="47.187"/>
</testsuite> <!-- com.exerciseproject.placordertest.LoginBeforeCheckoutTest -->
