<?xml version="1.0" encoding="UTF-8"?>
<!-- Generated by org.testng.reporters.JUnitReportReporter -->
<testsuite hostname="pc-5.home" failures="0" tests="1" name="com.exerciseproject.registrationtest.RegistrationTest" time="21.274" errors="0" timestamp="2023-11-22T14:53:29 EET" skipped="0">
  <testcase classname="com.exerciseproject.registrationtest.RegistrationTest" name="RegistrationWithExistingEmail" time="21.274"/>
</testsuite> <!-- com.exerciseproject.registrationtest.RegistrationTest -->
