<?xml version="1.0" encoding="UTF-8"?>
<!-- Generated by org.testng.reporters.JUnitReportReporter -->
<testsuite hostname="pc-5.home" failures="0" tests="1" name="com.exerciseproject.homepagetest.AddProductWithQuantityTest" time="31.943" errors="0" timestamp="2023-12-05T21:07:33 EET" skipped="0">
  <testcase classname="com.exerciseproject.homepagetest.AddProductWithQuantityTest" name="addProductTest" time="31.943"/>
</testsuite> <!-- com.exerciseproject.homepagetest.AddProductWithQuantityTest -->
