<?xml version="1.0" encoding="UTF-8"?>
<!-- Generated by org.testng.reporters.JUnitReportReporter -->
<testsuite hostname="pc-5.home" failures="0" tests="1" name="com.exerciseproject.placordertest.RegisterBeforeCheckoutTest" time="65.662" errors="0" timestamp="2023-12-06T20:03:15 EET" skipped="0">
  <testcase classname="com.exerciseproject.placordertest.RegisterBeforeCheckoutTest" name="registerBeforeCheckoutTest" time="65.662"/>
</testsuite> <!-- com.exerciseproject.placordertest.RegisterBeforeCheckoutTest -->
