<?xml version="1.0" encoding="UTF-8"?>
<!-- Generated by org.testng.reporters.JUnitReportReporter -->
<testsuite hostname="pc-5.home" failures="0" tests="1" name="com.exerciseproject.logintest.LoginUserTest" time="25.367" errors="0" timestamp="2023-11-22T14:48:03 EET" skipped="0">
  <testcase classname="com.exerciseproject.logintest.LoginUserTest" name="logoutAccountTest" time="25.367"/>
</testsuite> <!-- com.exerciseproject.logintest.LoginUserTest -->
