<?xml version="1.0" encoding="UTF-8"?>
<!-- Generated by org.testng.reporters.JUnitReportReporter -->
<testsuite hostname="pc-5.home" failures="0" tests="1" name="com.exerciseproject.homepagetest.TestCasesTest" time="27.430" errors="0" timestamp="2023-11-27T19:55:32 EET" skipped="0">
  <testcase classname="com.exerciseproject.homepagetest.TestCasesTest" name="testCasesTabTest" time="27.430"/>
</testsuite> <!-- com.exerciseproject.homepagetest.TestCasesTest -->
