<?xml version="1.0" encoding="UTF-8"?>
<!-- Generated by org.testng.reporters.JUnitReportReporter -->
<testsuite hostname="pc-5.home" failures="0" tests="1" name="com.exerciseproject.homepagetest.SubscriptionInFooterTest" time="20.088" errors="0" timestamp="2023-11-28T21:24:16 EET" skipped="0">
  <testcase classname="com.exerciseproject.homepagetest.SubscriptionInFooterTest" name="subscriptionTest" time="20.088"/>
</testsuite> <!-- com.exerciseproject.homepagetest.SubscriptionInFooterTest -->
