<?xml version="1.0" encoding="UTF-8"?>
<!-- Generated by org.testng.reporters.JUnitReportReporter -->
<testsuite hostname="wifirepeater-9f92.home" failures="0" tests="1" name="com.exerciseproject.productstest.SearchProductsAndVerifyCartAfterLoginTest" time="56.948" errors="0" timestamp="2023-12-10T11:07:25 EET" skipped="0">
  <testcase classname="com.exerciseproject.productstest.SearchProductsAndVerifyCartAfterLoginTest" name="searchProductsAndVerifyCartTest" time="56.948"/>
</testsuite> <!-- com.exerciseproject.productstest.SearchProductsAndVerifyCartAfterLoginTest -->
