<?xml version="1.0" encoding="UTF-8"?>
<!-- Generated by org.testng.reporters.JUnitReportReporter -->
<testsuite hostname="wifirepeater-9f92.home" failures="0" tests="1" name="com.exerciseproject.productstest.ViewAndCartBrandProductsTest" time="25.145" errors="0" timestamp="2023-12-10T04:26:25 EET" skipped="0">
  <testcase classname="com.exerciseproject.productstest.ViewAndCartBrandProductsTest" name="viewAndCartBrandTest" time="25.145"/>
</testsuite> <!-- com.exerciseproject.productstest.ViewAndCartBrandProductsTest -->
