<?xml version="1.0" encoding="UTF-8"?>
<!-- Generated by org.testng.reporters.JUnitReportReporter -->
<testsuite hostname="pc-5.home" failures="0" tests="1" name="com.exerciseproject.productstest.AddProductsInCartTest" time="30.814" errors="0" timestamp="2023-12-05T20:32:11 EET" skipped="0">
  <testcase classname="com.exerciseproject.productstest.AddProductsInCartTest" name="addToCartTest" time="30.814"/>
</testsuite> <!-- com.exerciseproject.productstest.AddProductsInCartTest -->
