<?xml version="1.0" encoding="UTF-8"?>
<!-- Generated by org.testng.reporters.JUnitReportReporter -->
<testsuite hostname="wifirepeater-9f92.home" failures="0" tests="1" name="com.exerciseproject.productstest.AddReviewOnProductTest" time="35.373" errors="0" timestamp="2023-12-10T11:59:15 EET" skipped="0">
  <testcase classname="com.exerciseproject.productstest.AddReviewOnProductTest" name="AddReviewTest" time="35.373"/>
</testsuite> <!-- com.exerciseproject.productstest.AddReviewOnProductTest -->
