<?xml version="1.0" encoding="UTF-8"?>
<!-- Generated by org.testng.reporters.JUnitReportReporter -->
<testsuite hostname="pc-5.home" failures="0" tests="1" name="com.exerciseproject.registrationtest.RegisterWhileCheckoutTest" time="71.129" errors="0" timestamp="2023-12-06T19:14:36 EET" skipped="0">
  <testcase classname="com.exerciseproject.registrationtest.RegisterWhileCheckoutTest" name="registerWhileCheckoutTest" time="71.129"/>
</testsuite> <!-- com.exerciseproject.registrationtest.RegisterWhileCheckoutTest -->
