<?xml version="1.0" encoding="UTF-8"?>
<!-- Generated by org.testng.reporters.JUnitReportReporter -->
<testsuite hostname="pc-5.home" failures="0" tests="1" name="com.exerciseproject.homepagetest.ContactUsTest" time="32.427" errors="0" timestamp="2023-11-27T19:15:13 EET" skipped="0">
  <testcase classname="com.exerciseproject.homepagetest.ContactUsTest" name="contactUsTest" time="32.427"/>
</testsuite> <!-- com.exerciseproject.homepagetest.ContactUsTest -->
