<?xml version="1.0" encoding="UTF-8"?>
<!-- Generated by org.testng.reporters.JUnitReportReporter -->
<testsuite hostname="wifirepeater-9f92.home" failures="0" tests="1" name="com.exerciseproject.homepagetest.AddToCartFromRecommendedItemsTest" time="19.845" errors="0" timestamp="2023-12-10T12:47:58 EET" skipped="0">
  <testcase classname="com.exerciseproject.homepagetest.AddToCartFromRecommendedItemsTest" name="addRecommendedItemsTest" time="19.845"/>
</testsuite> <!-- com.exerciseproject.homepagetest.AddToCartFromRecommendedItemsTest -->
